<?xml version="1.0" encoding="UTF-8"?>
<!-- Generated by org.testng.reporters.JUnitReportReporter -->
<testsuite hostname="PS79312" failures="0" tests="1" name="Test.Test.Test1" time="14.263" errors="0" timestamp="05 Jul 2022 05:10:19 GMT" skipped="0">
  <testcase classname="Test.Test.Test1" name="abc" time="14.263"/>
</testsuite> <!-- Test.Test.Test1 -->
